[0.000000] (-) TimerEvent: {}
[0.000495] (catatron_description) JobQueued: {'identifier': 'catatron_description', 'dependencies': OrderedDict()}
[0.000754] (catatron_gait_control) JobQueued: {'identifier': 'catatron_gait_control', 'dependencies': OrderedDict()}
[0.000822] (catatron_description) JobStarted: {'identifier': 'catatron_description'}
[0.006196] (catatron_gait_control) JobStarted: {'identifier': 'catatron_gait_control'}
[0.099798] (-) TimerEvent: {}
[0.200118] (-) TimerEvent: {}
[0.300447] (-) TimerEvent: {}
[0.400848] (-) TimerEvent: {}
[0.501168] (-) TimerEvent: {}
[0.601498] (-) TimerEvent: {}
[0.662400] (catatron_description) StderrLine: {'line': b'Traceback (most recent call last):\n  File "/usr/lib/python3/dist-packages/colcon_parallel_executor/executor/parallel.py", line 75, in execute\n    loop.run_until_complete(future)\n  File "/usr/lib/python3.10/asyncio/base_events.py", line 636, in run_until_complete\n    self.run_forever()\n  File "/usr/lib/python3.10/asyncio/base_events.py", line 603, in run_forever\n    self._run_once()\n  File "/usr/lib/python3.10/asyncio/base_events.py", line 1871, in _run_once\n    event_list = self._selector.select(timeout)\n  File "/usr/lib/python3.10/selectors.py", line 469, in select\n    fd_event_list = self._selector.poll(timeout, max_ev)\nKeyboardInterrupt\n\nDuring handling of the above exception, another exception occurred:\n\nTraceback (most recent call last):\n  File "/usr/lib/python3/dist-packages/colcon_core/executor/__init__.py", line 91, in __call__\n    rc = await self.task(*args, **kwargs)\n  File "/usr/lib/python3/dist-packages/colcon_core/task/__init__.py", line 93, in __call__\n    return await task_method(*args, **kwargs)\n  File "/usr/lib/python3/dist-packages/colcon_ros/task/ament_python/build.py", line 102, in build\n    return await extension.build(additional_hooks=additional_hooks)\n  File "/usr/lib/python3/dist-packages/colcon_core/task/python/build.py", line 96, in build\n    available_commands = await self._get_available_commands(\n  File "/usr/lib/python3/dist-packages/colcon_core/task/python/build.py", line 194, in _get_available_commands\n    output = await check_output(\n  File "/usr/lib/python3/dist-packages/colcon_core/subprocess.py", line 129, in check_output\n    assert not rc, f\'Expected {args} to pass: {stderr_data}\'\nAssertionError: Expected [\'/usr/bin/python3\', \'-W\', \'ignore:setup.py install is deprecated\', \'-W\', \'ignore:easy_install command is deprecated\', \'setup.py\', \'--help-commands\'] to pass: Traceback (most recent call last):\n  File "/home/ajoymathew07/Catatron/Catatron/src/catatron_description/setup.py", line 7, in <module>\n    setup(\n  File "/home/ajoymathew07/.local/lib/python3.10/site-packages/setuptools/__init__.py", line 117, in setup\n    return distutils.core.setup(**attrs)\n  File "/home/ajoymathew07/.local/lib/python3.10/site-packages/setuptools/_distutils/core.py", line 170, in setup\n    ok = dist.parse_command_line()\n  File "/home/ajoymathew07/.local/lib/python3.10/site-packages/setuptools/_distutils/dist.py", line 469, in parse_command_line\n    if self.handle_display_options(option_order):\n  File "/home/ajoymathew07/.local/lib/python3.10/site-packages/setuptools/dist.py", line 971, in handle_display_options\n    return _Distribution.handle_display_options(self, option_order)\n  File "/home/ajoymathew07/.local/lib/python3.10/site-packages/setuptools/_distutils/dist.py", line 683, in handle_display_options\n    self.print_commands()\n  File "/home/ajoymathew07/.local/lib/python3.10/site-packages/setuptools/dist.py", line 749, in print_commands\n    return _Distribution.print_commands(self)\n  File "/home/ajoymathew07/.local/lib/python3.10/site-packages/setuptools/_distutils/dist.py", line 747, in print_commands\n    self.print_command_list(std_commands, "Standard commands", max_length)\n  File "/home/ajoymathew07/.local/lib/python3.10/site-packages/setuptools/_distutils/dist.py", line 719, in print_command_list\n    klass = self.get_command_class(cmd)\n  File "/home/ajoymathew07/.local/lib/python3.10/site-packages/setuptools/dist.py", line 737, in get_command_class\n    eps = metadata.entry_points(group=\'distutils.commands\', name=command)\n  File "/usr/lib/python3.10/importlib/metadata/__init__.py", line 1021, in entry_points\n    return SelectableGroups.load(eps).select(**params)\n  File "/usr/lib/python3.10/importlib/metadata/__init__.py", line 459, in load\n    ordered = sorted(eps, key=by_group)\n  File "/usr/lib/python3.10/importlib/metadata/__init__.py", line 1018, in <genexpr>\n    eps = itertools.chain.from_iterable(\n  File "/usr/lib/python3.10/importlib/metadata/_itertools.py", line 16, in unique_everseen\n    k = key(element)\n  File "/usr/lib/python3.10/importlib/metadata/__init__.py", line 934, in _normalized_name\n    @property\nKeyboardInterrupt\n\n'}
[0.663257] (catatron_description) JobEnded: {'identifier': 'catatron_description', 'rc': 'SIGINT'}
[0.667767] (catatron_gait_control) JobEnded: {'identifier': 'catatron_gait_control', 'rc': 'SIGINT'}
[0.677989] (-) EventReactorShutdown: {}
